<?xml version="1.0" encoding="UTF-8"?>
<testng-results ignored="0" total="1" passed="1" failed="0" skipped="0">
  <reporter-output>
  </reporter-output>
  <suite started-at="2022-05-01T23:17:10 IST" name="Default suite" finished-at="2022-05-01T23:17:15 IST" duration-ms="5018">
    <groups>
    </groups>
    <test started-at="2022-05-01T23:17:10 IST" name="Default test" finished-at="2022-05-01T23:17:15 IST" duration-ms="5018">
      <class name="amazonTest.MyTest">
        <test-method signature="testSetup()[pri:0, instance:amazonTest.MyTest@3c419631]" started-at="2022-05-01T23:17:10 IST" name="testSetup" finished-at="2022-05-01T23:17:15 IST" duration-ms="4958" status="PASS">
          <reporter-output>
          </reporter-output>
        </test-method> <!-- testSetup -->
      </class> <!-- amazonTest.MyTest -->
    </test> <!-- Default test -->
  </suite> <!-- Default suite -->
</testng-results>
