<?xml version="1.0" encoding="UTF-8"?>
<testng-results ignored="0" total="1" passed="1" failed="0" skipped="0">
  <reporter-output>
  </reporter-output>
  <suite started-at="2022-05-01T22:09:56 IST" name="Default suite" finished-at="2022-05-01T22:10:06 IST" duration-ms="9597">
    <groups>
    </groups>
    <test started-at="2022-05-01T22:09:56 IST" name="Default test" finished-at="2022-05-01T22:10:06 IST" duration-ms="9597">
      <class name="amazonTest.MyTest">
        <test-method signature="testSetup()[pri:0, instance:amazonTest.MyTest@6f96c77]" started-at="2022-05-01T22:09:56 IST" name="testSetup" finished-at="2022-05-01T22:10:06 IST" duration-ms="9544" status="PASS">
          <reporter-output>
          </reporter-output>
        </test-method> <!-- testSetup -->
      </class> <!-- amazonTest.MyTest -->
    </test> <!-- Default test -->
  </suite> <!-- Default suite -->
</testng-results>
